<?xml version="1.0" encoding="UTF-8"?>
<!-- Generated by org.testng.reporters.JUnitReportReporter -->
<testsuite hostname="DESKTOP-0BMU726" failures="0" tests="10" name="test_cases.cart_Page_3_Test" time="71.039" errors="0" timestamp="2023-12-20T16:53:44 IST" skipped="0">
  <testcase classname="test_cases.cart_Page_3_Test" name="verifyaddTOCart" time="8.349"/>
  <system-out>
    <![CDATA[Add To Cart Button is Working = https://www.saucedemo.com/cart.html]]>
  </system-out>
  <testcase classname="test_cases.cart_Page_3_Test" name="verifydescriptionLable" time="6.277"/>
  <system-out>
    <![CDATA[Description Lable Is Visible = Description]]>
  </system-out>
  <testcase classname="test_cases.cart_Page_3_Test" name="verifyfacebookLogo" time="5.675"/>
  <system-out>
    <![CDATA[Facebook Logo Is Visible = true]]>
  </system-out>
  <testcase classname="test_cases.cart_Page_3_Test" name="verifyquantityLable" time="7.031"/>
  <system-out>
    <![CDATA[QTY Is Visible = QTY]]>
  </system-out>
  <testcase classname="test_cases.cart_Page_3_Test" name="verifylinkedinLogo" time="8.637"/>
  <system-out>
    <![CDATA[Linkdin Logo Is Visible = true]]>
  </system-out>
  <testcase classname="test_cases.cart_Page_3_Test" name="verifymenuButton" time="6.703"/>
  <system-out>
    <![CDATA[Menu Button is Visible = true]]>
  </system-out>
  <testcase classname="test_cases.cart_Page_3_Test" name="verifyappLogo" time="5.473"/>
  <system-out>
    <![CDATA[SWAG LAB LOGO IS VERIFIED = Swag Labs]]>
  </system-out>
  <testcase classname="test_cases.cart_Page_3_Test" name="verifycheckOutBtn" time="5.731"/>
  <system-out>
    <![CDATA[Checkout Button is Working = https://www.saucedemo.com/checkout-step-one.html]]>
  </system-out>
  <testcase classname="test_cases.cart_Page_3_Test" name="verifycontinueShoppingBTN" time="7.078"/>
  <system-out>
    <![CDATA[Continue Shopping Button is Working = https://www.saucedemo.com/inventory.html]]>
  </system-out>
  <testcase classname="test_cases.cart_Page_3_Test" name="verifytwitterLogo" time="10.085"/>
  <system-out>
    <![CDATA[Twitter Logo Is Visible = true]]>
  </system-out>
</testsuite> <!-- test_cases.cart_Page_3_Test -->
