<?xml version="1.0" encoding="UTF-8"?>
<!-- Generated by org.testng.reporters.JUnitReportReporter -->
<testsuite hostname="DESKTOP-0BMU726" failures="0" tests="15" name="test_cases.checkOut_Page_2" time="162.984" errors="0" timestamp="2023-12-19T18:10:45 IST" skipped="0">
  <testcase classname="test_cases.checkOut_Page_2" name="checkoutPage2OnesieProduct" time="6.926"/>
  <system-out>
    <![CDATA[Onesie Product is Verified =https://www.saucedemo.com/inventory-item.html?id=2]]>
  </system-out>
  <testcase classname="test_cases.checkOut_Page_2" name="checkoutPage2FleeceJacketProduct" time="7.408"/>
  <system-out>
    <![CDATA[Fleece Jacket Product Is Verified =https://www.saucedemo.com/inventory-item.html?id=5]]>
  </system-out>
  <testcase classname="test_cases.checkOut_Page_2" name="checkoutPage2FinishBTN" time="6.648"/>
  <system-out>
    <![CDATA[Finish Button is Verified =https://www.saucedemo.com/checkout-complete.html]]>
  </system-out>
  <testcase classname="test_cases.checkOut_Page_2" name="checkoutPage2BikeLightProduct" time="64.378"/>
  <system-out>
    <![CDATA[Bike Light Product is Verified =https://www.saucedemo.com/inventory-item.html?id=0]]>
  </system-out>
  <testcase classname="test_cases.checkOut_Page_2" name="checkoutPage2BoltTshirtProduct" time="7.591"/>
  <system-out>
    <![CDATA[Bolt T Shirt Product is Verified =https://www.saucedemo.com/inventory-item.html?id=1]]>
  </system-out>
  <testcase classname="test_cases.checkOut_Page_2" name="checkoutPage2CancleBTN" time="6.111"/>
  <system-out>
    <![CDATA[Cancle Button is Verified =https://www.saucedemo.com/inventory.html]]>
  </system-out>
  <testcase classname="test_cases.checkOut_Page_2" name="checkoutPage2BackpackProduct" time="8.688"/>
  <system-out>
    <![CDATA[BackPack Product is Verified =https://www.saucedemo.com/inventory-item.html?id=4]]>
  </system-out>
  <testcase classname="test_cases.checkOut_Page_2" name="checkoutPage2ShippingInfoLable" time="7.000"/>
  <system-out>
    <![CDATA[Shipping Information lable is Visible =Shipping Information]]>
  </system-out>
  <testcase classname="test_cases.checkOut_Page_2" name="checkoutPage2TshirtRedProduct" time="6.497"/>
  <system-out>
    <![CDATA[Red T-Shirt Product is Verified =https://www.saucedemo.com/inventory-item.html?id=3]]>
  </system-out>
  <testcase classname="test_cases.checkOut_Page_2" name="checkoutPage2DescriptionLable" time="6.684"/>
  <system-out>
    <![CDATA[Description Lable is Presnet =Description]]>
  </system-out>
  <testcase classname="test_cases.checkOut_Page_2" name="checkoutPage2QTYLable" time="6.545"/>
  <system-out>
    <![CDATA[QTY Lable is Presnet =QTY]]>
  </system-out>
  <testcase classname="test_cases.checkOut_Page_2" name="checkoutPage2PaymentInfoLable" time="6.581"/>
  <system-out>
    <![CDATA[Payment Information Lable is Visible =Payment Information]]>
  </system-out>
  <testcase classname="test_cases.checkOut_Page_2" name="checkoutPage2PriceTotalLable" time="6.848"/>
  <system-out>
    <![CDATA[Price Total Lable is Visible =Price Total]]>
  </system-out>
  <testcase classname="test_cases.checkOut_Page_2" name="verifycheckoutPage2OverviewLable" time="8.768"/>
  <system-out>
    <![CDATA[Overview Lable of CheckoutPage 2 =Checkout: Overview]]>
  </system-out>
  <testcase classname="test_cases.checkOut_Page_2" name="checkoutPage2TotalAmountLable" time="6.311"/>
  <system-out>
    <![CDATA[Summary Total Lable is Visible =Total: $140.34]]>
  </system-out>
</testsuite> <!-- test_cases.checkOut_Page_2 -->
