<?xml version="1.0" encoding="UTF-8"?>
<!-- Generated by org.testng.reporters.JUnitReportReporter -->
<testsuite hostname="DESKTOP-0BMU726" failures="0" tests="3" name="test_cases.Login_Page_Test" time="73.045" errors="0" timestamp="2023-12-22T17:40:42 IST" skipped="0">
  <testcase classname="test_cases.Login_Page_Test" name="verifyURLOfApplicationTest" time="10.362"/>
  <system-out/>
  <testcase classname="test_cases.Login_Page_Test" name="verifyTitleOfApplicationTest" time="55.492"/>
  <system-out/>
  <testcase classname="test_cases.Login_Page_Test" name="lognToApplicationTest" time="7.191"/>
  <system-out/>
</testsuite> <!-- test_cases.Login_Page_Test -->
