<?xml version="1.0" encoding="UTF-8"?>
<!-- Generated by org.testng.reporters.JUnitReportReporter -->
<testsuite hostname="DESKTOP-0BMU726" failures="0" tests="15" name="test_cases.checkOut_Page_2_Test" time="108.344" errors="0" timestamp="2023-12-20T17:36:14 IST" skipped="0">
  <testcase classname="test_cases.checkOut_Page_2_Test" name="checkoutPage2PriceTotalLable" time="6.985"/>
  <system-out>
    <![CDATA[Price Total Lable is Visible =Price Total]]>
  </system-out>
  <testcase classname="test_cases.checkOut_Page_2_Test" name="checkoutPage2ShippingInfoLable" time="8.120"/>
  <system-out>
    <![CDATA[Shipping Information lable is Visible =Shipping Information]]>
  </system-out>
  <testcase classname="test_cases.checkOut_Page_2_Test" name="checkoutPage2TotalAmountLable" time="7.516"/>
  <system-out>
    <![CDATA[Summary Total Lable is Visible =Total: $140.34]]>
  </system-out>
  <testcase classname="test_cases.checkOut_Page_2_Test" name="checkoutPage2FleeceJacketProduct" time="6.719"/>
  <system-out>
    <![CDATA[Fleece Jacket Product Is Verified =https://www.saucedemo.com/inventory-item.html?id=5]]>
  </system-out>
  <testcase classname="test_cases.checkOut_Page_2_Test" name="verifycheckoutPage2OverviewLable" time="7.280"/>
  <system-out>
    <![CDATA[Overview Lable of CheckoutPage 2 =Checkout: Overview]]>
  </system-out>
  <testcase classname="test_cases.checkOut_Page_2_Test" name="checkoutPage2QTYLable" time="6.137"/>
  <system-out>
    <![CDATA[QTY Lable is Presnet =QTY]]>
  </system-out>
  <testcase classname="test_cases.checkOut_Page_2_Test" name="checkoutPage2BikeLightProduct" time="6.163"/>
  <system-out>
    <![CDATA[Bike Light Product is Verified =https://www.saucedemo.com/inventory-item.html?id=0]]>
  </system-out>
  <testcase classname="test_cases.checkOut_Page_2_Test" name="checkoutPage2TshirtRedProduct" time="6.021"/>
  <system-out>
    <![CDATA[Red T-Shirt Product is Verified =https://www.saucedemo.com/inventory-item.html?id=3]]>
  </system-out>
  <testcase classname="test_cases.checkOut_Page_2_Test" name="checkoutPage2CancleBTN" time="6.044"/>
  <system-out>
    <![CDATA[Cancle Button is Verified =https://www.saucedemo.com/inventory.html]]>
  </system-out>
  <testcase classname="test_cases.checkOut_Page_2_Test" name="checkoutPage2DescriptionLable" time="7.501"/>
  <system-out>
    <![CDATA[Description Lable is Presnet =Description]]>
  </system-out>
  <testcase classname="test_cases.checkOut_Page_2_Test" name="checkoutPage2FinishBTN" time="7.264"/>
  <system-out>
    <![CDATA[Finish Button is Verified =https://www.saucedemo.com/checkout-complete.html]]>
  </system-out>
  <testcase classname="test_cases.checkOut_Page_2_Test" name="checkoutPage2OnesieProduct" time="6.307"/>
  <system-out>
    <![CDATA[Onesie Product is Verified =https://www.saucedemo.com/inventory-item.html?id=2]]>
  </system-out>
  <testcase classname="test_cases.checkOut_Page_2_Test" name="checkoutPage2BoltTshirtProduct" time="8.343"/>
  <system-out>
    <![CDATA[Bolt T Shirt Product is Verified =https://www.saucedemo.com/inventory-item.html?id=1]]>
  </system-out>
  <testcase classname="test_cases.checkOut_Page_2_Test" name="checkoutPage2PaymentInfoLable" time="10.806"/>
  <system-out>
    <![CDATA[Payment Information Lable is Visible =Payment Information]]>
  </system-out>
  <testcase classname="test_cases.checkOut_Page_2_Test" name="checkoutPage2BackpackProduct" time="7.138"/>
  <system-out>
    <![CDATA[BackPack Product is Verified =https://www.saucedemo.com/inventory-item.html?id=4]]>
  </system-out>
</testsuite> <!-- test_cases.checkOut_Page_2_Test -->
